2025-04-10 11:34:47 [main] INFO  o.h.h.HackathonAppApplication - Starting HackathonAppApplication using Java 24 with PID 5644 (D:\hackathon-app\target\classes started by sbere in D:\hackathon-app)
2025-04-10 11:34:47 [main] INFO  o.h.h.HackathonAppApplication - No active profile set, falling back to 1 default profile: "default"
2025-04-10 11:34:48 [main] INFO  o.s.b.w.e.tomcat.TomcatWebServer - Tomcat initialized with port 8080 (http)
2025-04-10 11:34:48 [main] INFO  o.a.coyote.http11.Http11NioProtocol - Initializing ProtocolHandler ["http-nio-8080"]
2025-04-10 11:34:48 [main] INFO  o.a.catalina.core.StandardService - Starting service [Tomcat]
2025-04-10 11:34:48 [main] INFO  o.a.catalina.core.StandardEngine - Starting Servlet engine: [Apache Tomcat/10.1.39]
2025-04-10 11:34:48 [main] INFO  o.a.c.c.C.[.[.[/hackathon-app] - Initializing Spring embedded WebApplicationContext
2025-04-10 11:34:48 [main] INFO  o.s.b.w.s.c.ServletWebServerApplicationContext - Root WebApplicationContext: initialization completed in 517 ms
2025-04-10 11:34:48 [main] INFO  o.a.coyote.http11.Http11NioProtocol - Starting ProtocolHandler ["http-nio-8080"]
2025-04-10 11:34:48 [main] INFO  o.s.b.w.e.tomcat.TomcatWebServer - Tomcat started on port 8080 (http) with context path '/hackathon-app'
2025-04-10 11:34:48 [main] INFO  o.h.h.HackathonAppApplication - Started HackathonAppApplication in 1.222 seconds (process running for 1.697)
2025-04-10 11:35:09 [http-nio-8080-exec-1] INFO  o.a.c.c.C.[.[.[/hackathon-app] - Initializing Spring DispatcherServlet 'dispatcherServlet'
2025-04-10 11:35:09 [http-nio-8080-exec-1] INFO  o.s.web.servlet.DispatcherServlet - Initializing Servlet 'dispatcherServlet'
2025-04-10 11:35:09 [http-nio-8080-exec-1] INFO  o.s.web.servlet.DispatcherServlet - Completed initialization in 1 ms
2025-04-10 11:35:09 [http-nio-8080-exec-1] INFO  o.h.h.controller.DebugController - pong
2025-04-10 11:35:22 [SpringApplicationShutdownHook] INFO  o.s.b.w.e.tomcat.GracefulShutdown - Commencing graceful shutdown. Waiting for active requests to complete
2025-04-10 11:35:22 [tomcat-shutdown] INFO  o.s.b.w.e.tomcat.GracefulShutdown - Graceful shutdown complete
2025-04-10 11:44:52 [main] INFO  o.h.h.HackathonAppApplication - Starting HackathonAppApplication using Java 24 with PID 15196 (D:\hackathon-app\target\classes started by sbere in D:\hackathon-app)
2025-04-10 11:44:52 [main] INFO  o.h.h.HackathonAppApplication - No active profile set, falling back to 1 default profile: "default"
2025-04-10 11:44:53 [main] INFO  o.s.b.w.e.tomcat.TomcatWebServer - Tomcat initialized with port 8080 (http)
2025-04-10 11:44:53 [main] INFO  o.a.coyote.http11.Http11NioProtocol - Initializing ProtocolHandler ["http-nio-8080"]
2025-04-10 11:44:53 [main] INFO  o.a.catalina.core.StandardService - Starting service [Tomcat]
2025-04-10 11:44:53 [main] INFO  o.a.catalina.core.StandardEngine - Starting Servlet engine: [Apache Tomcat/10.1.39]
2025-04-10 11:44:53 [main] INFO  o.a.c.c.C.[.[.[/hackathon-app] - Initializing Spring embedded WebApplicationContext
2025-04-10 11:44:53 [main] INFO  o.s.b.w.s.c.ServletWebServerApplicationContext - Root WebApplicationContext: initialization completed in 551 ms
2025-04-10 11:44:53 [main] INFO  o.a.coyote.http11.Http11NioProtocol - Starting ProtocolHandler ["http-nio-8080"]
2025-04-10 11:44:53 [main] INFO  o.s.b.w.e.tomcat.TomcatWebServer - Tomcat started on port 8080 (http) with context path '/hackathon-app'
2025-04-10 11:44:54 [main] INFO  o.h.h.HackathonAppApplication - Started HackathonAppApplication in 1.479 seconds (process running for 1.951)
2025-04-10 11:45:09 [http-nio-8080-exec-1] INFO  o.a.c.c.C.[.[.[/hackathon-app] - Initializing Spring DispatcherServlet 'dispatcherServlet'
2025-04-10 11:45:09 [http-nio-8080-exec-1] INFO  o.s.web.servlet.DispatcherServlet - Initializing Servlet 'dispatcherServlet'
2025-04-10 11:45:09 [http-nio-8080-exec-1] INFO  o.s.web.servlet.DispatcherServlet - Completed initialization in 1 ms
2025-04-10 11:45:09 [http-nio-8080-exec-1] INFO  o.h.h.controller.DebugController - pong
2025-04-10 11:45:12 [http-nio-8080-exec-3] INFO  o.h.h.controller.DebugController - pong
2025-04-10 11:45:54 [SpringApplicationShutdownHook] INFO  o.s.b.w.e.tomcat.GracefulShutdown - Commencing graceful shutdown. Waiting for active requests to complete
2025-04-10 11:45:54 [tomcat-shutdown] INFO  o.s.b.w.e.tomcat.GracefulShutdown - Graceful shutdown complete
2025-04-10 11:46:00 [main] INFO  o.h.h.HackathonAppApplication - Starting HackathonAppApplication using Java 24 with PID 12964 (D:\hackathon-app\target\classes started by sbere in D:\hackathon-app)
2025-04-10 11:46:00 [main] INFO  o.h.h.HackathonAppApplication - No active profile set, falling back to 1 default profile: "default"
2025-04-10 11:46:00 [main] INFO  o.s.b.w.e.tomcat.TomcatWebServer - Tomcat initialized with port 8080 (http)
2025-04-10 11:46:00 [main] INFO  o.a.coyote.http11.Http11NioProtocol - Initializing ProtocolHandler ["http-nio-8080"]
2025-04-10 11:46:00 [main] INFO  o.a.catalina.core.StandardService - Starting service [Tomcat]
2025-04-10 11:46:00 [main] INFO  o.a.catalina.core.StandardEngine - Starting Servlet engine: [Apache Tomcat/10.1.39]
2025-04-10 11:46:00 [main] INFO  o.a.c.c.C.[.[.[/hackathon-app] - Initializing Spring embedded WebApplicationContext
2025-04-10 11:46:00 [main] INFO  o.s.b.w.s.c.ServletWebServerApplicationContext - Root WebApplicationContext: initialization completed in 591 ms
2025-04-10 11:46:01 [main] INFO  o.a.coyote.http11.Http11NioProtocol - Starting ProtocolHandler ["http-nio-8080"]
2025-04-10 11:46:01 [main] INFO  o.s.b.w.e.tomcat.TomcatWebServer - Tomcat started on port 8080 (http) with context path '/hackathon-app'
2025-04-10 11:46:01 [main] INFO  o.h.h.HackathonAppApplication - Started HackathonAppApplication in 1.493 seconds (process running for 1.953)
2025-04-10 11:46:31 [http-nio-8080-exec-1] INFO  o.a.c.c.C.[.[.[/hackathon-app] - Initializing Spring DispatcherServlet 'dispatcherServlet'
2025-04-10 11:46:31 [http-nio-8080-exec-1] INFO  o.s.web.servlet.DispatcherServlet - Initializing Servlet 'dispatcherServlet'
2025-04-10 11:46:31 [http-nio-8080-exec-1] INFO  o.s.web.servlet.DispatcherServlet - Completed initialization in 1 ms
2025-04-10 11:46:31 [http-nio-8080-exec-1] INFO  o.h.h.controller.DebugController - PONG Flask!
2025-04-10 11:48:27 [SpringApplicationShutdownHook] INFO  o.s.b.w.e.tomcat.GracefulShutdown - Commencing graceful shutdown. Waiting for active requests to complete
2025-04-10 11:48:27 [tomcat-shutdown] INFO  o.s.b.w.e.tomcat.GracefulShutdown - Graceful shutdown complete
2025-04-10 11:48:49 [restartedMain] INFO  o.h.h.HackathonAppApplication - Starting HackathonAppApplication using Java 24 with PID 13680 (D:\hackathon-app\target\classes started by sbere in D:\hackathon-app)
2025-04-10 11:48:49 [restartedMain] INFO  o.h.h.HackathonAppApplication - No active profile set, falling back to 1 default profile: "default"
2025-04-10 11:48:49 [restartedMain] INFO  o.s.b.d.e.DevToolsPropertyDefaultsPostProcessor - Devtools property defaults active! Set 'spring.devtools.add-properties' to 'false' to disable
2025-04-10 11:48:49 [restartedMain] INFO  o.s.b.d.e.DevToolsPropertyDefaultsPostProcessor - For additional web related logging consider setting the 'logging.level.web' property to 'DEBUG'
2025-04-10 11:48:50 [restartedMain] INFO  o.s.b.w.e.tomcat.TomcatWebServer - Tomcat initialized with port 8080 (http)
2025-04-10 11:48:50 [restartedMain] INFO  o.a.coyote.http11.Http11NioProtocol - Initializing ProtocolHandler ["http-nio-8080"]
2025-04-10 11:48:50 [restartedMain] INFO  o.a.catalina.core.StandardService - Starting service [Tomcat]
2025-04-10 11:48:50 [restartedMain] INFO  o.a.catalina.core.StandardEngine - Starting Servlet engine: [Apache Tomcat/10.1.39]
2025-04-10 11:48:50 [restartedMain] INFO  o.a.c.c.C.[.[.[/hackathon-app] - Initializing Spring embedded WebApplicationContext
2025-04-10 11:48:50 [restartedMain] INFO  o.s.b.w.s.c.ServletWebServerApplicationContext - Root WebApplicationContext: initialization completed in 724 ms
2025-04-10 11:48:51 [restartedMain] INFO  o.s.b.d.a.OptionalLiveReloadServer - LiveReload server is running on port 35729
2025-04-10 11:48:51 [restartedMain] INFO  o.a.coyote.http11.Http11NioProtocol - Starting ProtocolHandler ["http-nio-8080"]
2025-04-10 11:48:51 [restartedMain] INFO  o.s.b.w.e.tomcat.TomcatWebServer - Tomcat started on port 8080 (http) with context path '/hackathon-app'
2025-04-10 11:48:51 [restartedMain] INFO  o.h.h.HackathonAppApplication - Started HackathonAppApplication in 1.694 seconds (process running for 2.804)
2025-04-10 11:49:16 [File Watcher] INFO  o.s.b.d.a.LocalDevToolsAutoConfiguration$RestartingClassPathChangeChangedEventListener - Restarting due to 1 class path change (0 additions, 0 deletions, 1 modification)
2025-04-10 11:49:16 [Thread-5] INFO  o.s.b.w.e.tomcat.GracefulShutdown - Commencing graceful shutdown. Waiting for active requests to complete
2025-04-10 11:49:16 [tomcat-shutdown] INFO  o.a.coyote.http11.Http11NioProtocol - Pausing ProtocolHandler ["http-nio-8080"]
2025-04-10 11:49:16 [tomcat-shutdown] INFO  o.s.b.w.e.tomcat.GracefulShutdown - Graceful shutdown complete
2025-04-10 11:49:16 [Thread-5] INFO  o.a.coyote.http11.Http11NioProtocol - Stopping ProtocolHandler ["http-nio-8080"]
2025-04-10 11:49:16 [restartedMain] INFO  o.h.h.HackathonAppApplication - Starting HackathonAppApplication using Java 24 with PID 13680 (D:\hackathon-app\target\classes started by sbere in D:\hackathon-app)
2025-04-10 11:49:16 [restartedMain] INFO  o.h.h.HackathonAppApplication - No active profile set, falling back to 1 default profile: "default"
2025-04-10 11:49:16 [restartedMain] INFO  o.s.b.w.e.tomcat.TomcatWebServer - Tomcat initialized with port 8080 (http)
2025-04-10 11:49:16 [restartedMain] INFO  o.a.coyote.http11.Http11NioProtocol - Initializing ProtocolHandler ["http-nio-8080"]
2025-04-10 11:49:16 [restartedMain] INFO  o.a.catalina.core.StandardService - Starting service [Tomcat]
2025-04-10 11:49:16 [restartedMain] INFO  o.a.catalina.core.StandardEngine - Starting Servlet engine: [Apache Tomcat/10.1.39]
2025-04-10 11:49:16 [restartedMain] INFO  o.a.c.c.C.[.[.[/hackathon-app] - Initializing Spring embedded WebApplicationContext
2025-04-10 11:49:16 [restartedMain] INFO  o.s.b.w.s.c.ServletWebServerApplicationContext - Root WebApplicationContext: initialization completed in 156 ms
2025-04-10 11:49:16 [restartedMain] INFO  o.s.b.d.a.OptionalLiveReloadServer - LiveReload server is running on port 35729
2025-04-10 11:49:16 [restartedMain] INFO  o.a.coyote.http11.Http11NioProtocol - Starting ProtocolHandler ["http-nio-8080"]
2025-04-10 11:49:16 [restartedMain] INFO  o.s.b.w.e.tomcat.TomcatWebServer - Tomcat started on port 8080 (http) with context path '/hackathon-app'
2025-04-10 11:49:16 [restartedMain] INFO  o.h.h.HackathonAppApplication - Started HackathonAppApplication in 0.252 seconds (process running for 28.561)
2025-04-10 11:49:16 [restartedMain] INFO  o.s.b.d.a.ConditionEvaluationDeltaLoggingListener - Condition evaluation unchanged
2025-04-10 11:50:19 [File Watcher] INFO  o.s.b.d.a.LocalDevToolsAutoConfiguration$RestartingClassPathChangeChangedEventListener - Restarting due to 1 class path change (0 additions, 0 deletions, 1 modification)
2025-04-10 11:50:19 [Thread-7] INFO  o.s.b.w.e.tomcat.GracefulShutdown - Commencing graceful shutdown. Waiting for active requests to complete
2025-04-10 11:50:19 [tomcat-shutdown] INFO  o.a.coyote.http11.Http11NioProtocol - Pausing ProtocolHandler ["http-nio-8080"]
2025-04-10 11:50:19 [tomcat-shutdown] INFO  o.s.b.w.e.tomcat.GracefulShutdown - Graceful shutdown complete
2025-04-10 11:50:19 [Thread-7] INFO  o.a.coyote.http11.Http11NioProtocol - Stopping ProtocolHandler ["http-nio-8080"]
2025-04-10 11:50:19 [restartedMain] INFO  o.h.h.HackathonAppApplication - Starting HackathonAppApplication using Java 24 with PID 13680 (D:\hackathon-app\target\classes started by sbere in D:\hackathon-app)
2025-04-10 11:50:19 [restartedMain] INFO  o.h.h.HackathonAppApplication - No active profile set, falling back to 1 default profile: "default"
2025-04-10 11:50:20 [restartedMain] INFO  o.s.b.w.e.tomcat.TomcatWebServer - Tomcat initialized with port 8080 (http)
2025-04-10 11:50:20 [restartedMain] INFO  o.a.coyote.http11.Http11NioProtocol - Initializing ProtocolHandler ["http-nio-8080"]
2025-04-10 11:50:20 [restartedMain] INFO  o.a.catalina.core.StandardService - Starting service [Tomcat]
2025-04-10 11:50:20 [restartedMain] INFO  o.a.catalina.core.StandardEngine - Starting Servlet engine: [Apache Tomcat/10.1.39]
2025-04-10 11:50:20 [restartedMain] INFO  o.a.c.c.C.[.[.[/hackathon-app] - Initializing Spring embedded WebApplicationContext
2025-04-10 11:50:20 [restartedMain] INFO  o.s.b.w.s.c.ServletWebServerApplicationContext - Root WebApplicationContext: initialization completed in 149 ms
2025-04-10 11:50:20 [restartedMain] INFO  o.s.b.d.a.OptionalLiveReloadServer - LiveReload server is running on port 35729
2025-04-10 11:50:20 [restartedMain] INFO  o.a.coyote.http11.Http11NioProtocol - Starting ProtocolHandler ["http-nio-8080"]
2025-04-10 11:50:20 [restartedMain] INFO  o.s.b.w.e.tomcat.TomcatWebServer - Tomcat started on port 8080 (http) with context path '/hackathon-app'
2025-04-10 11:50:20 [restartedMain] INFO  o.h.h.HackathonAppApplication - Started HackathonAppApplication in 0.232 seconds (process running for 91.782)
2025-04-10 11:50:20 [restartedMain] INFO  o.s.b.d.a.ConditionEvaluationDeltaLoggingListener - Condition evaluation unchanged
2025-04-10 12:12:37 [SpringApplicationShutdownHook] INFO  o.s.b.w.e.tomcat.GracefulShutdown - Commencing graceful shutdown. Waiting for active requests to complete
2025-04-10 12:12:37 [tomcat-shutdown] INFO  o.s.b.w.e.tomcat.GracefulShutdown - Graceful shutdown complete
2025-04-10 12:12:40 [restartedMain] INFO  o.h.h.HackathonAppApplication - Starting HackathonAppApplication using Java 24 with PID 15880 (D:\hackathon-app\target\classes started by sbere in D:\hackathon-app)
2025-04-10 12:12:40 [restartedMain] INFO  o.h.h.HackathonAppApplication - No active profile set, falling back to 1 default profile: "default"
2025-04-10 12:12:41 [restartedMain] INFO  o.s.b.d.e.DevToolsPropertyDefaultsPostProcessor - Devtools property defaults active! Set 'spring.devtools.add-properties' to 'false' to disable
2025-04-10 12:12:41 [restartedMain] INFO  o.s.b.d.e.DevToolsPropertyDefaultsPostProcessor - For additional web related logging consider setting the 'logging.level.web' property to 'DEBUG'
2025-04-10 12:12:41 [restartedMain] INFO  o.s.b.w.e.tomcat.TomcatWebServer - Tomcat initialized with port 8080 (http)
2025-04-10 12:12:41 [restartedMain] INFO  o.a.coyote.http11.Http11NioProtocol - Initializing ProtocolHandler ["http-nio-8080"]
2025-04-10 12:12:41 [restartedMain] INFO  o.a.catalina.core.StandardService - Starting service [Tomcat]
2025-04-10 12:12:41 [restartedMain] INFO  o.a.catalina.core.StandardEngine - Starting Servlet engine: [Apache Tomcat/10.1.39]
2025-04-10 12:12:41 [restartedMain] INFO  o.a.c.c.C.[.[.[/hackathon-app] - Initializing Spring embedded WebApplicationContext
2025-04-10 12:12:41 [restartedMain] INFO  o.s.b.w.s.c.ServletWebServerApplicationContext - Root WebApplicationContext: initialization completed in 694 ms
2025-04-10 12:12:42 [restartedMain] INFO  o.s.b.d.a.OptionalLiveReloadServer - LiveReload server is running on port 35729
2025-04-10 12:12:42 [restartedMain] INFO  o.a.coyote.http11.Http11NioProtocol - Starting ProtocolHandler ["http-nio-8080"]
2025-04-10 12:12:42 [restartedMain] INFO  o.s.b.w.e.tomcat.TomcatWebServer - Tomcat started on port 8080 (http) with context path '/hackathon-app'
2025-04-10 12:12:42 [restartedMain] INFO  o.h.h.HackathonAppApplication - Started HackathonAppApplication in 1.667 seconds (process running for 2.445)
2025-04-10 12:13:38 [http-nio-8080-exec-1] INFO  o.a.c.c.C.[.[.[/hackathon-app] - Initializing Spring DispatcherServlet 'dispatcherServlet'
2025-04-10 12:13:38 [http-nio-8080-exec-1] INFO  o.s.web.servlet.DispatcherServlet - Initializing Servlet 'dispatcherServlet'
2025-04-10 12:13:38 [http-nio-8080-exec-1] INFO  o.s.web.servlet.DispatcherServlet - Completed initialization in 1 ms
2025-04-10 12:13:40 [http-nio-8080-exec-1] ERROR o.a.c.c.C.[.[.[.[dispatcherServlet] - Servlet.service() for servlet [dispatcherServlet] in context with path [/hackathon-app] threw exception [Request processing failed: org.springframework.web.reactive.function.client.WebClientRequestException: Connection refused: getsockopt: localhost/127.0.0.1:8081] with root cause
java.net.ConnectException: Connection refused: getsockopt
	at java.base/sun.nio.ch.Net.pollConnect(Native Method)
	at java.base/sun.nio.ch.Net.pollConnectNow(Net.java:628)
	at java.base/sun.nio.ch.SocketChannelImpl.finishConnect(SocketChannelImpl.java:1046)
	at io.netty.channel.socket.nio.NioSocketChannel.doFinishConnect(NioSocketChannel.java:336)
	at io.netty.channel.nio.AbstractNioChannel$AbstractNioUnsafe.finishConnect(AbstractNioChannel.java:339)
	at io.netty.channel.nio.NioEventLoop.processSelectedKey(NioEventLoop.java:784)
	at io.netty.channel.nio.NioEventLoop.processSelectedKeysOptimized(NioEventLoop.java:732)
	at io.netty.channel.nio.NioEventLoop.processSelectedKeys(NioEventLoop.java:658)
	at io.netty.channel.nio.NioEventLoop.run(NioEventLoop.java:562)
	at io.netty.util.concurrent.SingleThreadEventExecutor$4.run(SingleThreadEventExecutor.java:998)
	at io.netty.util.internal.ThreadExecutorMap$2.run(ThreadExecutorMap.java:74)
	at io.netty.util.concurrent.FastThreadLocalRunnable.run(FastThreadLocalRunnable.java:30)
	at java.base/java.lang.Thread.run(Thread.java:1447)
2025-04-10 12:16:51 [http-nio-8080-exec-3] INFO  o.h.h.controller.DebugController - PONG Flask!
2025-04-10 12:16:51 [http-nio-8080-exec-4] INFO  o.h.h.controller.DebugController - PONG Flask!
2025-04-10 12:17:11 [File Watcher] INFO  o.s.b.d.a.LocalDevToolsAutoConfiguration$RestartingClassPathChangeChangedEventListener - Restarting due to 1 class path change (0 additions, 0 deletions, 1 modification)
2025-04-10 12:17:11 [Thread-5] INFO  o.s.b.w.e.tomcat.GracefulShutdown - Commencing graceful shutdown. Waiting for active requests to complete
2025-04-10 12:17:11 [tomcat-shutdown] INFO  o.a.coyote.http11.Http11NioProtocol - Pausing ProtocolHandler ["http-nio-8080"]
2025-04-10 12:17:11 [tomcat-shutdown] INFO  o.s.b.w.e.tomcat.GracefulShutdown - Graceful shutdown complete
2025-04-10 12:17:11 [Thread-5] INFO  o.a.coyote.http11.Http11NioProtocol - Stopping ProtocolHandler ["http-nio-8080"]
2025-04-10 12:17:11 [restartedMain] INFO  o.h.h.HackathonAppApplication - Starting HackathonAppApplication using Java 24 with PID 15880 (D:\hackathon-app\target\classes started by sbere in D:\hackathon-app)
2025-04-10 12:17:11 [restartedMain] INFO  o.h.h.HackathonAppApplication - No active profile set, falling back to 1 default profile: "default"
2025-04-10 12:17:11 [restartedMain] INFO  o.s.b.w.e.tomcat.TomcatWebServer - Tomcat initialized with port 8080 (http)
2025-04-10 12:17:11 [restartedMain] INFO  o.a.coyote.http11.Http11NioProtocol - Initializing ProtocolHandler ["http-nio-8080"]
2025-04-10 12:17:11 [restartedMain] INFO  o.a.catalina.core.StandardService - Starting service [Tomcat]
2025-04-10 12:17:11 [restartedMain] INFO  o.a.catalina.core.StandardEngine - Starting Servlet engine: [Apache Tomcat/10.1.39]
2025-04-10 12:17:11 [restartedMain] INFO  o.a.c.c.C.[.[.[/hackathon-app] - Initializing Spring embedded WebApplicationContext
2025-04-10 12:17:11 [restartedMain] INFO  o.s.b.w.s.c.ServletWebServerApplicationContext - Root WebApplicationContext: initialization completed in 186 ms
2025-04-10 12:17:12 [restartedMain] INFO  o.s.b.d.a.OptionalLiveReloadServer - LiveReload server is running on port 35729
2025-04-10 12:17:12 [restartedMain] INFO  o.a.coyote.http11.Http11NioProtocol - Starting ProtocolHandler ["http-nio-8080"]
2025-04-10 12:17:12 [restartedMain] INFO  o.s.b.w.e.tomcat.TomcatWebServer - Tomcat started on port 8080 (http) with context path '/hackathon-app'
2025-04-10 12:17:12 [restartedMain] INFO  o.h.h.HackathonAppApplication - Started HackathonAppApplication in 0.369 seconds (process running for 272.236)
2025-04-10 12:17:12 [restartedMain] INFO  o.s.b.d.a.ConditionEvaluationDeltaLoggingListener - Condition evaluation unchanged
2025-04-10 12:17:24 [http-nio-8080-exec-1] INFO  o.a.c.c.C.[.[.[/hackathon-app] - Initializing Spring DispatcherServlet 'dispatcherServlet'
2025-04-10 12:17:24 [http-nio-8080-exec-1] INFO  o.s.web.servlet.DispatcherServlet - Initializing Servlet 'dispatcherServlet'
2025-04-10 12:17:24 [http-nio-8080-exec-1] INFO  o.s.web.servlet.DispatcherServlet - Completed initialization in 0 ms
2025-04-10 12:17:31 [http-nio-8080-exec-2] INFO  o.h.h.controller.DebugController - PONG Flask!
2025-04-10 12:17:31 [http-nio-8080-exec-1] INFO  o.h.h.controller.DebugController - PONG Flask!
2025-04-10 12:18:09 [http-nio-8080-exec-8] INFO  o.h.h.controller.DebugController - PONG Flask!
2025-04-10 12:18:09 [http-nio-8080-exec-5] INFO  o.h.h.controller.DebugController - PONG Flask!
2025-04-10 12:18:09 [http-nio-8080-exec-3] INFO  o.h.h.controller.DebugController - PONG Flask!
2025-04-10 12:18:09 [http-nio-8080-exec-7] INFO  o.h.h.controller.DebugController - PONG Flask!
2025-04-10 12:18:50 [SpringApplicationShutdownHook] INFO  o.s.b.w.e.tomcat.GracefulShutdown - Commencing graceful shutdown. Waiting for active requests to complete
2025-04-10 12:18:50 [tomcat-shutdown] INFO  o.s.b.w.e.tomcat.GracefulShutdown - Graceful shutdown complete
